Wed Oct 12 23:38:23 WAT 2022
              total        used        free      shared  buff/cache   available
Mem:          976Mi       156Mi       365Mi       3.0Mi       454Mi       667Mi
Swap:            0B          0B          0B
---
Wed Oct 12 23:39:01 WAT 2022
              total        used        free      shared  buff/cache   available
Mem:          976Mi       166Mi       355Mi       3.0Mi       455Mi       657Mi
Swap:            0B          0B          0B
---
Wed Oct 12 23:40:01 WAT 2022
              total        used        free      shared  buff/cache   available
Mem:          976Mi       156Mi       364Mi       3.0Mi       455Mi       666Mi
Swap:            0B          0B          0B
---
Wed Oct 12 23:41:01 WAT 2022
              total        used        free      shared  buff/cache   available
Mem:          976Mi       158Mi       362Mi       3.0Mi       455Mi       665Mi
Swap:            0B          0B          0B
---
Wed Oct 12 23:42:01 WAT 2022
              total        used        free      shared  buff/cache   available
Mem:          976Mi       157Mi       363Mi       3.0Mi       455Mi       666Mi
Swap:            0B          0B          0B
---
Wed Oct 12 23:43:01 WAT 2022
              total        used        free      shared  buff/cache   available
Mem:          976Mi       157Mi       363Mi       3.0Mi       455Mi       666Mi
Swap:            0B          0B          0B
---
Wed Oct 12 23:44:01 WAT 2022
              total        used        free      shared  buff/cache   available
Mem:          976Mi       156Mi       364Mi       3.0Mi       455Mi       666Mi
Swap:            0B          0B          0B
---
Wed Oct 12 23:45:01 WAT 2022
              total        used        free      shared  buff/cache   available
Mem:          976Mi       157Mi       363Mi       3.0Mi       456Mi       666Mi
Swap:            0B          0B          0B
---
Wed Oct 12 23:46:01 WAT 2022
              total        used        free      shared  buff/cache   available
Mem:          976Mi       157Mi       363Mi       3.0Mi       456Mi       666Mi
Swap:            0B          0B          0B
---
Wed Oct 12 23:47:01 WAT 2022
              total        used        free      shared  buff/cache   available
Mem:          976Mi       157Mi       362Mi       3.0Mi       456Mi       665Mi
Swap:            0B          0B          0B
---
Wed Oct 12 23:48:01 WAT 2022
              total        used        free      shared  buff/cache   available
Mem:          976Mi       157Mi       362Mi       3.0Mi       456Mi       666Mi
Swap:            0B          0B          0B
---
Wed Oct 12 23:49:01 WAT 2022
              total        used        free      shared  buff/cache   available
Mem:          976Mi       157Mi       362Mi       3.0Mi       457Mi       666Mi
Swap:            0B          0B          0B
---
Wed Oct 12 23:50:01 WAT 2022
              total        used        free      shared  buff/cache   available
Mem:          976Mi       157Mi       361Mi       3.0Mi       457Mi       666Mi
Swap:            0B          0B          0B
---
Wed Oct 12 23:51:01 WAT 2022
              total        used        free      shared  buff/cache   available
Mem:          976Mi       157Mi       361Mi       3.0Mi       457Mi       666Mi
Swap:            0B          0B          0B
---
Wed Oct 12 23:52:01 WAT 2022
              total        used        free      shared  buff/cache   available
Mem:          976Mi       157Mi       361Mi       3.0Mi       457Mi       666Mi
Swap:            0B          0B          0B
---
Wed Oct 12 23:53:01 WAT 2022
              total        used        free      shared  buff/cache   available
Mem:          976Mi       157Mi       361Mi       3.0Mi       457Mi       666Mi
Swap:            0B          0B          0B
---
Wed Oct 12 23:54:01 WAT 2022
              total        used        free      shared  buff/cache   available
Mem:          976Mi       157Mi       360Mi       3.0Mi       458Mi       666Mi
Swap:            0B          0B          0B
---
Wed Oct 12 23:55:01 WAT 2022
              total        used        free      shared  buff/cache   available
Mem:          976Mi       157Mi       360Mi       3.0Mi       458Mi       666Mi
Swap:            0B          0B          0B
---
Wed Oct 12 23:56:01 WAT 2022
              total        used        free      shared  buff/cache   available
Mem:          976Mi       157Mi       360Mi       3.0Mi       458Mi       666Mi
Swap:            0B          0B          0B
---
Wed Oct 12 23:57:01 WAT 2022
              total        used        free      shared  buff/cache   available
Mem:          976Mi       157Mi       359Mi       3.0Mi       459Mi       666Mi
Swap:            0B          0B          0B
---
Wed Oct 12 23:58:02 WAT 2022
              total        used        free      shared  buff/cache   available
Mem:          976Mi       157Mi       359Mi       3.0Mi       459Mi       665Mi
Swap:            0B          0B          0B
---
Wed Oct 12 23:59:01 WAT 2022
              total        used        free      shared  buff/cache   available
Mem:          976Mi       157Mi       359Mi       3.0Mi       459Mi       666Mi
Swap:            0B          0B          0B
---
